<?xml version="1.0" encoding="UTF-8"?>
<!-- Generated by org.testng.reporters.JUnitReportReporter -->
<testsuite hostname="VAIO" failures="0" tests="2" name="qaclickacademy.AppiumTest" time="0.003" errors="0" timestamp="2019-03-28T00:47:30 IST" skipped="0">
  <testcase classname="qaclickacademy.AppiumTest" name="NativeAppandriod" time="0.001"/>
  <testcase classname="qaclickacademy.AppiumTest" name="IOSApps" time="0.002"/>
</testsuite> <!-- qaclickacademy.AppiumTest -->
