<?xml version="1.0" encoding="UTF-8"?>
<!-- Generated by org.testng.reporters.JUnitReportReporter -->
<testsuite hostname="VAIO" failures="0" tests="2" name="qaclickacademy.SeleniumTest" time="0.057" errors="0" timestamp="2019-03-28T00:47:30 IST" skipped="0">
  <testcase classname="qaclickacademy.SeleniumTest" name="Browserautomation" time="0.057"/>
  <testcase classname="qaclickacademy.SeleniumTest" name="ElementsUI" time="0.000"/>
</testsuite> <!-- qaclickacademy.SeleniumTest -->
